1597605391802	mozrunner::runner	INFO	Running command: "/usr/bin/firefox" "-marionette" "-foreground" "-no-remote" "-profile" "/tmp/rust_mozprofileL4vRd9"
console.error: SearchCache: "_readCacheFile: Error reading cache file:" (new Error("", "(unknown module)"))
1597605394621	Marionette	INFO	Listening on port 46183
1597605394709	Marionette	WARN	TLS certificate errors will be ignored for this session
JavaScript warning: https://web.whatsapp.com/app.696e69d51d821d44fec9.js, line 1: unreachable code after return statement
JavaScript warning: https://web.whatsapp.com/app.696e69d51d821d44fec9.js, line 1: unreachable code after return statement
1597605403149	Marionette	INFO	Stopped listening on port 46183
1597605437148	mozrunner::runner	INFO	Running command: "/usr/bin/firefox" "-marionette" "-foreground" "-no-remote" "-profile" "/tmp/rust_mozprofileXy8hov"
console.error: SearchCache: "_readCacheFile: Error reading cache file:" (new Error("", "(unknown module)"))
1597605439945	Marionette	INFO	Listening on port 34589
1597605439956	Marionette	WARN	TLS certificate errors will be ignored for this session
JavaScript warning: https://web.whatsapp.com/app.696e69d51d821d44fec9.js, line 1: unreachable code after return statement
JavaScript warning: https://web.whatsapp.com/app.696e69d51d821d44fec9.js, line 1: unreachable code after return statement

###!!! [Parent][MessageChannel] Error: (msgtype=0x6A0008,name=PMessagePort::Msg___delete__) Channel closing: too late to send/recv, messages will be lost


###!!! [Parent][RunMessage] Error: Channel closing: too late to send/recv, messages will be lost


###!!! [Parent][RunMessage] Error: Channel closing: too late to send/recv, messages will be lost


###!!! [Parent][RunMessage] Error: Channel closing: too late to send/recv, messages will be lost


###!!! [Parent][RunMessage] Error: Channel closing: too late to send/recv, messages will be lost


###!!! [Parent][RunMessage] Error: Channel closing: too late to send/recv, messages will be lost


###!!! [Parent][RunMessage] Error: Channel closing: too late to send/recv, messages will be lost


###!!! [Parent][RunMessage] Error: Channel closing: too late to send/recv, messages will be lost


###!!! [Parent][RunMessage] Error: Channel closing: too late to send/recv, messages will be lost


###!!! [Parent][RunMessage] Error: Channel closing: too late to send/recv, messages will be lost

JavaScript warning: https://web.whatsapp.com/app.696e69d51d821d44fec9.js, line 1: unreachable code after return statement
1597605542081	Marionette	INFO	Stopped listening on port 34589
